SF:lib/just_bottom_sheet.dart
DA:5,1
DA:14,2
DA:15,1
DA:27,1
DA:34,1
DA:43,1
DA:44,1
DA:46,1
DA:49,1
DA:52,1
DA:55,1
DA:56,3
DA:57,1
DA:58,1
DA:59,1
DA:60,1
DA:61,1
DA:62,1
DA:66,1
DA:72,3
DA:73,1
DA:75,1
DA:81,1
DA:84,1
DA:87,1
DA:92,1
DA:101,1
DA:111,1
DA:112,1
DA:133,1
DA:134,2
DA:135,1
DA:139,3
DA:140,1
DA:142,1
DA:144,2
DA:145,2
DA:146,1
DA:150,1
DA:151,2
DA:152,2
DA:153,1
DA:154,1
DA:158,4
DA:159,2
DA:163,2
DA:167,1
DA:168,2
DA:171,1
DA:173,1
DA:174,2
DA:175,2
DA:177,1
DA:183,1
DA:185,1
DA:186,1
DA:187,1
DA:188,1
DA:189,3
DA:190,3
DA:192,1
DA:193,4
DA:194,1
DA:195,1
DA:196,1
DA:197,1
DA:198,1
DA:200,1
DA:201,3
DA:202,1
DA:203,2
DA:204,1
DA:206,1
DA:207,2
DA:209,1
DA:210,1
DA:211,1
DA:213,1
DA:215,1
DA:216,5
DA:218,1
DA:219,1
DA:220,2
DA:223,2
DA:224,1
DA:228,1
DA:229,1
DA:230,1
DA:234,1
DA:235,1
DA:236,2
DA:237,2
DA:239,1
DA:240,1
DA:241,1
DA:242,1
DA:245,2
DA:260,1
DA:261,1
DA:262,1
DA:263,3
DA:267,1
DA:268,1
DA:269,1
DA:271,1
DA:272,3
DA:274,2
DA:275,3
DA:277,1
DA:280,1
DA:282,1
DA:291,1
DA:293,1
DA:295,1
DA:296,3
DA:297,1
DA:298,1
DA:299,3
DA:300,3
DA:301,1
DA:302,1
DA:303,3
DA:305,1
DA:306,1
DA:308,1
DA:312,1
DA:314,1
DA:315,1
DA:316,1
DA:317,1
DA:318,1
DA:320,1
DA:321,1
DA:322,1
DA:323,2
DA:326,1
DA:327,1
DA:328,2
DA:331,1
DA:332,2
DA:333,3
DA:334,1
DA:335,1
DA:336,1
DA:337,1
DA:340,3
DA:341,1
DA:342,3
DA:346,2
DA:347,1
DA:352,3
DA:356,1
DA:357,1
DA:360,2
LF:154
LH:154
end_of_record
