SF:lib/drag_zone_position.dart
DA:1,2
LF:1
LH:1
end_of_record
SF:lib/just_bottom_sheet_configuration.dart
DA:8,1
DA:30,4
DA:44,2
DA:51,2
DA:52,2
DA:53,2
DA:54,2
DA:55,2
DA:56,2
LF:9
LH:9
end_of_record
SF:lib/just_bottom_sheet.dart
DA:14,1
DA:18,1
DA:23,1
DA:24,1
DA:42,1
DA:43,2
DA:44,1
DA:48,3
DA:49,1
DA:51,1
DA:53,2
DA:54,2
DA:55,1
DA:59,1
DA:60,2
DA:63,1
DA:64,1
DA:65,1
DA:66,1
DA:69,1
DA:70,1
DA:71,1
DA:73,1
DA:75,1
DA:76,6
DA:78,1
DA:79,1
DA:80,3
DA:83,2
DA:84,1
DA:89,1
DA:91,1
DA:92,2
DA:93,4
DA:94,2
DA:95,2
DA:96,3
DA:97,1
DA:103,1
DA:104,1
DA:105,1
DA:106,2
DA:107,4
DA:109,1
DA:110,3
DA:112,3
DA:113,3
DA:116,1
DA:117,1
DA:118,3
DA:119,1
DA:120,1
DA:121,2
DA:122,1
DA:124,1
DA:126,2
DA:129,1
DA:130,3
DA:137,3
DA:139,1
DA:145,1
DA:147,1
DA:148,4
DA:150,1
DA:151,3
DA:154,1
DA:155,1
DA:156,3
DA:157,1
DA:158,1
DA:159,2
DA:160,1
DA:162,1
DA:164,2
DA:167,1
DA:168,3
DA:170,1
DA:171,1
DA:172,1
DA:173,4
DA:175,4
DA:183,1
DA:184,2
DA:185,3
DA:187,1
DA:188,1
DA:189,1
DA:190,3
DA:194,1
DA:195,1
DA:196,1
DA:198,1
DA:199,4
DA:201,2
DA:202,3
DA:204,1
DA:207,1
DA:209,1
DA:211,1
DA:218,1
DA:220,1
DA:222,1
DA:223,4
DA:224,1
DA:225,1
DA:226,3
DA:227,4
DA:228,1
DA:229,1
DA:230,3
DA:232,1
DA:233,1
DA:235,1
DA:238,1
DA:239,1
DA:241,1
DA:242,1
DA:243,1
DA:244,1
DA:245,1
DA:247,1
DA:248,1
DA:249,1
DA:250,2
DA:253,1
DA:254,1
DA:255,3
DA:259,3
DA:260,3
DA:261,3
DA:262,1
DA:264,3
DA:265,1
DA:266,3
DA:270,1
DA:271,2
DA:272,1
DA:277,3
DA:281,1
DA:282,1
DA:283,1
DA:284,1
DA:289,3
DA:307,1
DA:313,2
DA:314,1
LF:146
LH:146
end_of_record
SF:lib/just_bottom_sheet_drag_zone.dart
DA:5,1
DA:12,1
DA:20,1
DA:22,1
DA:23,1
DA:24,1
DA:25,1
DA:26,1
DA:28,1
DA:29,1
DA:31,2
DA:32,2
DA:33,3
DA:34,1
DA:36,1
DA:37,2
DA:38,2
DA:40,1
DA:41,1
LF:19
LH:19
end_of_record
SF:lib/just_bottom_sheet_route.dart
DA:7,1
DA:10,1
DA:15,1
DA:16,1
DA:18,1
DA:21,1
DA:24,1
DA:27,1
DA:28,1
DA:29,1
DA:33,1
DA:39,3
DA:40,1
DA:42,1
DA:48,1
DA:51,1
DA:54,1
LF:17
LH:17
end_of_record
